# JRE version: OpenJDK Runtime Environment Temurin-17.0.8.1+1 (17.0.8.1+1) (build 17.0.8.1+1)
# Java VM: OpenJDK 64-Bit Server VM Temurin-17.0.8.1+1 (17.0.8.1+1, mixed mode, tiered, compressed oops, compressed class ptrs, parallel gc, windows-amd64)
GC Precious Log:
 CPUs: 4 total, 4 available
 Memory: 10123M
 Large Page Support: Disabled
 NUMA Support: Disabled
 Compressed Oops: Enabled (32-bit)
 Alignments: Space 512K, Generation 512K, Heap 2M
 Heap Min Capacity: 100M
 Heap Initial Capacity: 100M
 Heap Max Capacity: 1G
 Pre-touch: Disabled
 Parallel Workers: 4
Heap:
 PSYoungGen      total 23552K, used 23520K [0x00000000eab00000, 0x00000000eea00000, 0x0000000100000000)
  eden space 18432K, 100% used [0x00000000eab00000,0x00000000ebd00000,0x00000000ebd00000)
  from space 5120K, 99% used [0x00000000ece00000,0x00000000ed2f8020,0x00000000ed300000)
  to   space 17408K, 50% used [0x00000000ebd00000,0x00000000ec582220,0x00000000ece00000)
 ParOldGen       total 548864K, used 489515K [0x00000000c0000000, 0x00000000e1800000, 0x00000000eab00000)
  object space 548864K, 89% used [0x00000000c0000000,0x00000000dde0ac40,0x00000000e1800000)
 Metaspace       used 94546K, committed 95936K, reserved 1179648K
  class space    used 9397K, committed 9984K, reserved 1048576K
GC Heap History (20 events):
Event: 1319.288 GC heap after
{Heap after GC invocations=3500 (full 81):
 PSYoungGen      total 37888K, used 1364K [0x00000000eab00000, 0x00000000ed900000, 0x0000000100000000)
  eden space 33280K, 0% used [0x00000000eab00000,0x00000000eab00000,0x00000000ecb80000)
  from space 4608K, 29% used [0x00000000ed200000,0x00000000ed355200,0x00000000ed680000)
  to   space 2560K, 0% used [0x00000000ed680000,0x00000000ed680000,0x00000000ed900000)
 ParOldGen       total 548864K, used 408523K [0x00000000c0000000, 0x00000000e1800000, 0x00000000eab00000)
  object space 548864K, 74% used [0x00000000c0000000,0x00000000d8ef2f10,0x00000000e1800000)
 Metaspace       used 94479K, committed 95872K, reserved 1179648K
  class space    used 9397K, committed 9984K, reserved 1048576K
}
Event: 1320.435 GC heap before
{Heap before GC invocations=3501 (full 81):
 PSYoungGen      total 37888K, used 34644K [0x00000000eab00000, 0x00000000ed900000, 0x0000000100000000)
  eden space 33280K, 100% used [0x00000000eab00000,0x00000000ecb80000,0x00000000ecb80000)
  from space 4608K, 29% used [0x00000000ed200000,0x00000000ed355200,0x00000000ed680000)
  to   space 2560K, 0% used [0x00000000ed680000,0x00000000ed680000,0x00000000ed900000)
 ParOldGen       total 548864K, used 408523K [0x00000000c0000000, 0x00000000e1800000, 0x00000000eab00000)
  object space 548864K, 74% used [0x00000000c0000000,0x00000000d8ef2f10,0x00000000e1800000)
 Metaspace       used 94511K, committed 95936K, reserved 1179648K
  class space    used 9397K, committed 9984K, reserved 1048576K
}
Event: 1320.444 GC heap after
{Heap after GC invocations=3501 (full 81):
 PSYoungGen      total 35840K, used 2548K [0x00000000eab00000, 0x00000000ee180000, 0x0000000100000000)
  eden space 33280K, 0% used [0x00000000eab00000,0x00000000eab00000,0x00000000ecb80000)
  from space 2560K, 99% used [0x00000000ed680000,0x00000000ed8fd210,0x00000000ed900000)
  to   space 11264K, 0% used [0x00000000ecb80000,0x00000000ecb80000,0x00000000ed680000)
 ParOldGen       total 548864K, used 415337K [0x00000000c0000000, 0x00000000e1800000, 0x00000000eab00000)
  object space 548864K, 75% used [0x00000000c0000000,0x00000000d959a5c0,0x00000000e1800000)
 Metaspace       used 94511K, committed 95936K, reserved 1179648K
  class space    used 9397K, committed 9984K, reserved 1048576K
}
Event: 1320.625 GC heap before
{Heap before GC invocations=3502 (full 81):
 PSYoungGen      total 35840K, used 31741K [0x00000000eab00000, 0x00000000ee180000, 0x0000000100000000)
  eden space 33280K, 87% used [0x00000000eab00000,0x00000000ec782580,0x00000000ecb80000)
  from space 2560K, 99% used [0x00000000ed680000,0x00000000ed8fd210,0x00000000ed900000)
  to   space 11264K, 0% used [0x00000000ecb80000,0x00000000ecb80000,0x00000000ed680000)
 ParOldGen       total 548864K, used 415337K [0x00000000c0000000, 0x00000000e1800000, 0x00000000eab00000)
  object space 548864K, 75% used [0x00000000c0000000,0x00000000d959a5c0,0x00000000e1800000)
 Metaspace       used 94513K, committed 95936K, reserved 1179648K
  class space    used 9397K, committed 9984K, reserved 1048576K
}
Event: 1320.633 GC heap after
{Heap after GC invocations=3502 (full 81):
 PSYoungGen      total 41472K, used 8128K [0x00000000eab00000, 0x00000000edc80000, 0x0000000100000000)
  eden space 33280K, 0% used [0x00000000eab00000,0x00000000eab00000,0x00000000ecb80000)
  from space 8192K, 99% used [0x00000000ecb80000,0x00000000ed370010,0x00000000ed380000)
  to   space 8704K, 0% used [0x00000000ed400000,0x00000000ed400000,0x00000000edc80000)
 ParOldGen       total 548864K, used 429410K [0x00000000c0000000, 0x00000000e1800000, 0x00000000eab00000)
  object space 548864K, 78% used [0x00000000c0000000,0x00000000da358b98,0x00000000e1800000)
 Metaspace       used 94513K, committed 95936K, reserved 1179648K
  class space    used 9397K, committed 9984K, reserved 1048576K
}
Event: 1321.784 GC heap before
{Heap before GC invocations=3503 (full 81):
 PSYoungGen      total 41472K, used 41408K [0x00000000eab00000, 0x00000000edc80000, 0x0000000100000000)
  eden space 33280K, 100% used [0x00000000eab00000,0x00000000ecb80000,0x00000000ecb80000)
  from space 8192K, 99% used [0x00000000ecb80000,0x00000000ed370010,0x00000000ed380000)
  to   space 8704K, 0% used [0x00000000ed400000,0x00000000ed400000,0x00000000edc80000)
 ParOldGen       total 548864K, used 429410K [0x00000000c0000000, 0x00000000e1800000, 0x00000000eab00000)
  object space 548864K, 78% used [0x00000000c0000000,0x00000000da358b98,0x00000000e1800000)
 Metaspace       used 94523K, committed 95936K, reserved 1179648K
  class space    used 9397K, committed 9984K, reserved 1048576K
}
Event: 1321.788 GC heap after
{Heap after GC invocations=3503 (full 81):
 PSYoungGen      total 34304K, used 905K [0x00000000eab00000, 0x00000000ed500000, 0x0000000100000000)
  eden space 33280K, 0% used [0x00000000eab00000,0x00000000eab00000,0x00000000ecb80000)
  from space 1024K, 88% used [0x00000000ed400000,0x00000000ed4e2400,0x00000000ed500000)
  to   space 4096K, 0% used [0x00000000ecd00000,0x00000000ecd00000,0x00000000ed100000)
 ParOldGen       total 548864K, used 429602K [0x00000000c0000000, 0x00000000e1800000, 0x00000000eab00000)
  object space 548864K, 78% used [0x00000000c0000000,0x00000000da388b98,0x00000000e1800000)
 Metaspace       used 94523K, committed 95936K, reserved 1179648K
  class space    used 9397K, committed 9984K, reserved 1048576K
}
Event: 1322.984 GC heap before
{Heap before GC invocations=3504 (full 81):
 PSYoungGen      total 34304K, used 34185K [0x00000000eab00000, 0x00000000ed500000, 0x0000000100000000)
  eden space 33280K, 100% used [0x00000000eab00000,0x00000000ecb80000,0x00000000ecb80000)
  from space 1024K, 88% used [0x00000000ed400000,0x00000000ed4e2400,0x00000000ed500000)
  to   space 4096K, 0% used [0x00000000ecd00000,0x00000000ecd00000,0x00000000ed100000)
 ParOldGen       total 548864K, used 429602K [0x00000000c0000000, 0x00000000e1800000, 0x00000000eab00000)
  object space 548864K, 78% used [0x00000000c0000000,0x00000000da388b98,0x00000000e1800000)
 Metaspace       used 94530K, committed 95936K, reserved 1179648K
  class space    used 9397K, committed 9984K, reserved 1048576K
}
Event: 1322.987 GC heap after
{Heap after GC invocations=3504 (full 81):
 PSYoungGen      total 37376K, used 734K [0x00000000eab00000, 0x00000000ed480000, 0x0000000100000000)
  eden space 33280K, 0% used [0x00000000eab00000,0x00000000eab00000,0x00000000ecb80000)
  from space 4096K, 17% used [0x00000000ecd00000,0x00000000ecdb7b10,0x00000000ed100000)
  to   space 1536K, 0% used [0x00000000ed300000,0x00000000ed300000,0x00000000ed480000)
 ParOldGen       total 548864K, used 429610K [0x00000000c0000000, 0x00000000e1800000, 0x00000000eab00000)
  object space 548864K, 78% used [0x00000000c0000000,0x00000000da38ab98,0x00000000e1800000)
 Metaspace       used 94530K, committed 95936K, reserved 1179648K
  class space    used 9397K, committed 9984K, reserved 1048576K
}
Event: 1324.193 GC heap before
{Heap before GC invocations=3505 (full 81):
 PSYoungGen      total 37376K, used 34014K [0x00000000eab00000, 0x00000000ed480000, 0x0000000100000000)
  eden space 33280K, 100% used [0x00000000eab00000,0x00000000ecb80000,0x00000000ecb80000)
  from space 4096K, 17% used [0x00000000ecd00000,0x00000000ecdb7b10,0x00000000ed100000)
  to   space 1536K, 0% used [0x00000000ed300000,0x00000000ed300000,0x00000000ed480000)
 ParOldGen       total 548864K, used 429610K [0x00000000c0000000, 0x00000000e1800000, 0x00000000eab00000)
  object space 548864K, 78% used [0x00000000c0000000,0x00000000da38ab98,0x00000000e1800000)
 Metaspace       used 94539K, committed 95936K, reserved 1179648K
  class space    used 9397K, committed 9984K, reserved 1048576K
}
Event: 1324.205 GC heap after
{Heap after GC invocations=3505 (full 81):
 PSYoungGen      total 31232K, used 1505K [0x00000000eab00000, 0x00000000ee180000, 0x0000000100000000)
  eden space 29696K, 0% used [0x00000000eab00000,0x00000000eab00000,0x00000000ec800000)
  from space 1536K, 98% used [0x00000000ed300000,0x00000000ed478650,0x00000000ed480000)
  to   space 11264K, 0% used [0x00000000ec800000,0x00000000ec800000,0x00000000ed300000)
 ParOldGen       total 548864K, used 437596K [0x00000000c0000000, 0x00000000e1800000, 0x00000000eab00000)
  object space 548864K, 79% used [0x00000000c0000000,0x00000000dab571f8,0x00000000e1800000)
 Metaspace       used 94539K, committed 95936K, reserved 1179648K
  class space    used 9397K, committed 9984K, reserved 1048576K
}
Event: 1324.214 GC heap before
{Heap before GC invocations=3506 (full 81):
 PSYoungGen      total 31232K, used 22189K [0x00000000eab00000, 0x00000000ee180000, 0x0000000100000000)
  eden space 29696K, 69% used [0x00000000eab00000,0x00000000ebf32f48,0x00000000ec800000)
  from space 1536K, 98% used [0x00000000ed300000,0x00000000ed478650,0x00000000ed480000)
  to   space 11264K, 0% used [0x00000000ec800000,0x00000000ec800000,0x00000000ed300000)
 ParOldGen       total 548864K, used 437596K [0x00000000c0000000, 0x00000000e1800000, 0x00000000eab00000)
  object space 548864K, 79% used [0x00000000c0000000,0x00000000dab571f8,0x00000000e1800000)
 Metaspace       used 94539K, committed 95936K, reserved 1179648K
  class space    used 9397K, committed 9984K, reserved 1048576K
}
Event: 1324.221 GC heap after
{Heap after GC invocations=3506 (full 81):
 PSYoungGen      total 39936K, used 10045K [0x00000000eab00000, 0x00000000edd00000, 0x0000000100000000)
  eden space 29696K, 0% used [0x00000000eab00000,0x00000000eab00000,0x00000000ec800000)
  from space 10240K, 98% used [0x00000000ec800000,0x00000000ed1cf450,0x00000000ed200000)
  to   space 10752K, 0% used [0x00000000ed280000,0x00000000ed280000,0x00000000edd00000)
 ParOldGen       total 548864K, used 449257K [0x00000000c0000000, 0x00000000e1800000, 0x00000000eab00000)
  object space 548864K, 81% used [0x00000000c0000000,0x00000000db6ba428,0x00000000e1800000)
 Metaspace       used 94539K, committed 95936K, reserved 1179648K
  class space    used 9397K, committed 9984K, reserved 1048576K
}
Event: 1324.516 GC heap before
{Heap before GC invocations=3507 (full 81):
 PSYoungGen      total 39936K, used 39741K [0x00000000eab00000, 0x00000000edd00000, 0x0000000100000000)
  eden space 29696K, 100% used [0x00000000eab00000,0x00000000ec800000,0x00000000ec800000)
  from space 10240K, 98% used [0x00000000ec800000,0x00000000ed1cf450,0x00000000ed200000)
  to   space 10752K, 0% used [0x00000000ed280000,0x00000000ed280000,0x00000000edd00000)
 ParOldGen       total 548864K, used 449257K [0x00000000c0000000, 0x00000000e1800000, 0x00000000eab00000)
  object space 548864K, 81% used [0x00000000c0000000,0x00000000db6ba428,0x00000000e1800000)
 Metaspace       used 94539K, committed 95936K, reserved 1179648K
  class space    used 9397K, committed 9984K, reserved 1048576K
}
Event: 1324.526 GC heap after
{Heap after GC invocations=3507 (full 81):
 PSYoungGen      total 37888K, used 8144K [0x00000000eab00000, 0x00000000eda80000, 0x0000000100000000)
  eden space 29696K, 0% used [0x00000000eab00000,0x00000000eab00000,0x00000000ec800000)
  from space 8192K, 99% used [0x00000000ed280000,0x00000000eda74220,0x00000000eda80000)
  to   space 9216K, 0% used [0x00000000ec880000,0x00000000ec880000,0x00000000ed180000)
 ParOldGen       total 548864K, used 450049K [0x00000000c0000000, 0x00000000e1800000, 0x00000000eab00000)
  object space 548864K, 81% used [0x00000000c0000000,0x00000000db7807a0,0x00000000e1800000)
 Metaspace       used 94539K, committed 95936K, reserved 1179648K
  class space    used 9397K, committed 9984K, reserved 1048576K
}
Event: 1325.831 GC heap before
{Heap before GC invocations=3508 (full 81):
 PSYoungGen      total 37888K, used 37840K [0x00000000eab00000, 0x00000000eda80000, 0x0000000100000000)
  eden space 29696K, 100% used [0x00000000eab00000,0x00000000ec800000,0x00000000ec800000)
  from space 8192K, 99% used [0x00000000ed280000,0x00000000eda74220,0x00000000eda80000)
  to   space 9216K, 0% used [0x00000000ec880000,0x00000000ec880000,0x00000000ed180000)
 ParOldGen       total 548864K, used 450049K [0x00000000c0000000, 0x00000000e1800000, 0x00000000eab00000)
  object space 548864K, 81% used [0x00000000c0000000,0x00000000db7807a0,0x00000000e1800000)
 Metaspace       used 94544K, committed 95936K, reserved 1179648K
  class space    used 9397K, committed 9984K, reserved 1048576K
}
Event: 1325.841 GC heap after
{Heap after GC invocations=3508 (full 81):
 PSYoungGen      total 32256K, used 2484K [0x00000000eab00000, 0x00000000ed300000, 0x0000000100000000)
  eden space 29696K, 0% used [0x00000000eab00000,0x00000000eab00000,0x00000000ec800000)
  from space 2560K, 97% used [0x00000000ec880000,0x00000000ecaed200,0x00000000ecb00000)
  to   space 5120K, 0% used [0x00000000ece00000,0x00000000ece00000,0x00000000ed300000)
 ParOldGen       total 548864K, used 456329K [0x00000000c0000000, 0x00000000e1800000, 0x00000000eab00000)
  object space 548864K, 83% used [0x00000000c0000000,0x00000000dbda27a0,0x00000000e1800000)
 Metaspace       used 94544K, committed 95936K, reserved 1179648K
  class space    used 9397K, committed 9984K, reserved 1048576K
}
Event: 1326.056 GC heap before
{Heap before GC invocations=3509 (full 81):
 PSYoungGen      total 32256K, used 30646K [0x00000000eab00000, 0x00000000ed300000, 0x0000000100000000)
  eden space 29696K, 94% used [0x00000000eab00000,0x00000000ec6808f8,0x00000000ec800000)
  from space 2560K, 97% used [0x00000000ec880000,0x00000000ecaed200,0x00000000ecb00000)
  to   space 5120K, 0% used [0x00000000ece00000,0x00000000ece00000,0x00000000ed300000)
 ParOldGen       total 548864K, used 456329K [0x00000000c0000000, 0x00000000e1800000, 0x00000000eab00000)
  object space 548864K, 83% used [0x00000000c0000000,0x00000000dbda27a0,0x00000000e1800000)
 Metaspace       used 94544K, committed 95936K, reserved 1179648K
  class space    used 9397K, committed 9984K, reserved 1048576K
}
Event: 1326.070 GC heap after
{Heap after GC invocations=3509 (full 81):
 PSYoungGen      total 23552K, used 5088K [0x00000000eab00000, 0x00000000eea00000, 0x0000000100000000)
  eden space 18432K, 0% used [0x00000000eab00000,0x00000000eab00000,0x00000000ebd00000)
  from space 5120K, 99% used [0x00000000ece00000,0x00000000ed2f8020,0x00000000ed300000)
  to   space 17408K, 0% used [0x00000000ebd00000,0x00000000ebd00000,0x00000000ece00000)
 ParOldGen       total 548864K, used 466323K [0x00000000c0000000, 0x00000000e1800000, 0x00000000eab00000)
  object space 548864K, 84% used [0x00000000c0000000,0x00000000dc764c20,0x00000000e1800000)
 Metaspace       used 94544K, committed 95936K, reserved 1179648K
  class space    used 9397K, committed 9984K, reserved 1048576K
}
Event: 1326.214 GC heap before
{Heap before GC invocations=3510 (full 81):
 PSYoungGen      total 23552K, used 23520K [0x00000000eab00000, 0x00000000eea00000, 0x0000000100000000)
  eden space 18432K, 100% used [0x00000000eab00000,0x00000000ebd00000,0x00000000ebd00000)
  from space 5120K, 99% used [0x00000000ece00000,0x00000000ed2f8020,0x00000000ed300000)
  to   space 17408K, 0% used [0x00000000ebd00000,0x00000000ebd00000,0x00000000ece00000)
 ParOldGen       total 548864K, used 489363K [0x00000000c0000000, 0x00000000e1800000, 0x00000000eab00000)
  object space 548864K, 89% used [0x00000000c0000000,0x00000000ddde4c40,0x00000000e1800000)
 Metaspace       used 94546K, committed 95936K, reserved 1179648K
  class space    used 9397K, committed 9984K, reserved 1048576K
}

